<?xml version="1.0" encoding="UTF-8"?>
<testsuite xmlns:xsi="http://www.w3.org/2001/XMLSchema-instance" xsi:noNamespaceSchemaLocation="https://maven.apache.org/surefire/maven-surefire-plugin/xsd/surefire-test-report.xsd" name="pl.put.poznan.scenario_quality_checker.logic.ScenarioParserTest" time="0.328" tests="5" errors="0" skipped="0" failures="0">
  <properties>
[...]
</properties>
  <testcase name="testSerializeScenario" classname="pl.put.poznan.scenario_quality_checker.logic.ScenarioParserTest" time="0.251"/>
  <testcase name="testParseNonExistentFile" classname="pl.put.poznan.scenario_quality_checker.logic.ScenarioParserTest" time="0.004"/>
  <testcase name="testParseScenarioFromFile" classname="pl.put.poznan.scenario_quality_checker.logic.ScenarioParserTest" time="0.055"/>
  <testcase name="testParseScenarioFromString" classname="pl.put.poznan.scenario_quality_checker.logic.ScenarioParserTest" time="0.003"/>
  <testcase name="testParseInvalidJson" classname="pl.put.poznan.scenario_quality_checker.logic.ScenarioParserTest" time="0.004"/>
</testsuite>